{"name": "test_categories_delete", "status": "failed", "statusDetails": {"message": "AssertionError: Status code: 400\nassert 400 in [200, 204]\n +  where 400 = <Response [400]>.status_code", "trace": "tests/tests_incidents/test_categories.py:75: in test_categories_delete\n    assert result.status_code in [200, 204], f\"Status code: {result.status_code}\"\nE   AssertionError: Status code: 400\nE   assert 400 in [200, 204]\nE    +  where 400 = <Response [400]>.status_code"}, "description": "Тест удаления категории", "start": 1761653307873, "stop": 1761653310667, "uuid": "aa84eec7-fd02-4422-8489-0b52fb10c46d", "historyId": "4bab69ec5c555123293b1c9ea20ab469", "testCaseId": "4bab69ec5c555123293b1c9ea20ab469", "fullName": "tests.tests_incidents.test_categories.TestCategories#test_categories_delete", "labels": [{"name": "parentSuite", "value": "tests.tests_incidents"}, {"name": "suite", "value": "test_categories"}, {"name": "subSuite", "value": "TestCategories"}, {"name": "host", "value": "MacBook-Pro-Alexandr-2.local"}, {"name": "thread", "value": "9730-MainThread"}, {"name": "framework", "value": "pytest"}, {"name": "language", "value": "cpython3"}, {"name": "package", "value": "tests.tests_incidents.test_categories"}]}