{"name": "test_dtp_by_time", "status": "failed", "statusDetails": {"message": "AssertionError: Status code: 502\nassert 502 == 200\n +  where 502 = <Response [502]>.status_code", "trace": "tests/tests_dtp/test_dtp.py:262: in test_dtp_by_time\n    assert result.status_code == 200, f\"Status code: {result.status_code}\"\nE   AssertionError: Status code: 502\nE   assert 502 == 200\nE    +  where 502 = <Response [502]>.status_code"}, "description": "Тест отчета ДТП по времени суток", "start": 1761653288378, "stop": 1761653289080, "uuid": "9aae470f-f2ae-4584-880d-0e645674eab3", "historyId": "e93916c19911a7b5b42a3ff36ef082a1", "testCaseId": "e93916c19911a7b5b42a3ff36ef082a1", "fullName": "tests.tests_dtp.test_dtp.TestDTP#test_dtp_by_time", "labels": [{"name": "parentSuite", "value": "tests.tests_dtp"}, {"name": "suite", "value": "test_dtp"}, {"name": "subSuite", "value": "TestDTP"}, {"name": "host", "value": "MacBook-Pro-Alexandr-2.local"}, {"name": "thread", "value": "9730-MainThread"}, {"name": "framework", "value": "pytest"}, {"name": "language", "value": "cpython3"}, {"name": "package", "value": "tests.tests_dtp.test_dtp"}]}